warning: Embedding `vcpkg-configuration` in a manifest file is an EXPERIMENTAL feature.
Detecting compiler hash for triplet arm64-osx...
All requested packages are currently installed.
Restored 0 package(s) from /Users/klarabratteby/.cache/vcpkg/archives in 917 ns. Use --debug to see more details.
Total install time: 6.333 us
catch2 provides CMake targets:

    # this is heuristically generated, and may not be correct
    find_package(Catch2 CONFIG REQUIRED)
    target_link_libraries(main PRIVATE Catch2::Catch2 Catch2::Catch2WithMain)

The package fmt provides CMake targets:

    find_package(fmt CONFIG REQUIRED)
    target_link_libraries(main PRIVATE fmt::fmt)

    # Or use the header-only version
    find_package(fmt CONFIG REQUIRED)
    target_link_libraries(main PRIVATE fmt::fmt-header-only)

glad provides CMake targets:

    # this is heuristically generated, and may not be correct
    find_package(glad CONFIG REQUIRED)
    target_link_libraries(main PRIVATE glad::glad)

glfw3 provides CMake targets:

    # this is heuristically generated, and may not be correct
    find_package(glfw3 CONFIG REQUIRED)
    target_link_libraries(main PRIVATE glfw)

glm provides CMake targets:

    # this is heuristically generated, and may not be correct
    find_package(glm CONFIG REQUIRED)
    target_link_libraries(main PRIVATE glm::glm)

imgui provides CMake targets:

    # this is heuristically generated, and may not be correct
    find_package(imgui CONFIG REQUIRED)
    target_link_libraries(main PRIVATE imgui::imgui)

tracy provides CMake targets:

    # this is heuristically generated, and may not be correct
    find_package(Tracy CONFIG REQUIRED)
    target_link_libraries(main PRIVATE Tracy::TracyClient)

